# JRE version: Java(TM) SE Runtime Environment (8.0_20-b26) (build 1.8.0_20-b26)
# Java VM: Java HotSpot(TM) 64-Bit Server VM (25.20-b23 mixed mode bsd-amd64 compressed oops)
Heap:
 PSYoungGen      total 581120K, used 33657K [0x000000076ab00000, 0x00000007a6c00000, 0x00000007c0000000)
  eden space 463872K, 7% used [0x000000076ab00000,0x000000076cbde570,0x0000000787000000)
  from space 117248K, 0% used [0x0000000787000000,0x0000000787000000,0x000000078e280000)
  to   space 120832K, 0% used [0x000000079f600000,0x000000079f600000,0x00000007a6c00000)
 ParOldGen       total 252416K, used 136853K [0x00000006c0000000, 0x00000006cf680000, 0x000000076ab00000)
  object space 252416K, 54% used [0x00000006c0000000,0x00000006c85a54f8,0x00000006cf680000)
 Metaspace       used 21631K, capacity 21822K, committed 22272K, reserved 1069056K
  class space    used 2936K, capacity 2977K, committed 3072K, reserved 1048576K
GC Heap History (10 events):
Event: 2.326 GC heap before
{Heap before GC invocations=6 (full 0):
 PSYoungGen      total 141824K, used 141798K [0x000000076ab00000, 0x000000077f300000, 0x00000007c0000000)
  eden space 131072K, 100% used [0x000000076ab00000,0x0000000772b00000,0x0000000772b00000)
  from space 10752K, 99% used [0x0000000772b00000,0x00000007735799f8,0x0000000773580000)
  to   space 36864K, 0% used [0x000000077cf00000,0x000000077cf00000,0x000000077f300000)
 ParOldGen       total 175104K, used 35809K [0x00000006c0000000, 0x00000006cab00000, 0x000000076ab00000)
  object space 175104K, 20% used [0x00000006c0000000,0x00000006c22f85d8,0x00000006cab00000)
 Metaspace       used 8441K, capacity 8516K, committed 8704K, reserved 1056768K
  class space    used 911K, capacity 944K, committed 1024K, reserved 1048576K
Event: 2.410 GC heap after
Heap after GC invocations=6 (full 0):
 PSYoungGen      total 282624K, used 36855K [0x000000076ab00000, 0x0000000781300000, 0x00000007c0000000)
  eden space 245760K, 0% used [0x000000076ab00000,0x000000076ab00000,0x0000000779b00000)
  from space 36864K, 99% used [0x000000077cf00000,0x000000077f2fdc68,0x000000077f300000)
  to   space 53248K, 0% used [0x0000000779b00000,0x0000000779b00000,0x000000077cf00000)
 ParOldGen       total 175104K, used 47233K [0x00000006c0000000, 0x00000006cab00000, 0x000000076ab00000)
  object space 175104K, 26% used [0x00000006c0000000,0x00000006c2e205d8,0x00000006cab00000)
 Metaspace       used 8441K, capacity 8516K, committed 8704K, reserved 1056768K
  class space    used 911K, capacity 944K, committed 1024K, reserved 1048576K
}
Event: 3.481 GC heap before
{Heap before GC invocations=7 (full 0):
 PSYoungGen      total 282624K, used 282615K [0x000000076ab00000, 0x0000000781300000, 0x00000007c0000000)
  eden space 245760K, 100% used [0x000000076ab00000,0x0000000779b00000,0x0000000779b00000)
  from space 36864K, 99% used [0x000000077cf00000,0x000000077f2fdc68,0x000000077f300000)
  to   space 53248K, 0% used [0x0000000779b00000,0x0000000779b00000,0x000000077cf00000)
 ParOldGen       total 175104K, used 47233K [0x00000006c0000000, 0x00000006cab00000, 0x000000076ab00000)
  object space 175104K, 26% used [0x00000006c0000000,0x00000006c2e205d8,0x00000006cab00000)
 Metaspace       used 8452K, capacity 8516K, committed 8704K, reserved 1056768K
  class space    used 911K, capacity 944K, committed 1024K, reserved 1048576K
Event: 3.594 GC heap after
Heap after GC invocations=7 (full 0):
 PSYoungGen      total 299008K, used 53244K [0x000000076ab00000, 0x0000000793a00000, 0x00000007c0000000)
  eden space 245760K, 0% used [0x000000076ab00000,0x000000076ab00000,0x0000000779b00000)
  from space 53248K, 99% used [0x0000000779b00000,0x000000077ceff0f8,0x000000077cf00000)
  to   space 89600K, 0% used [0x000000078e280000,0x000000078e280000,0x0000000793a00000)
 ParOldGen       total 175104K, used 94809K [0x00000006c0000000, 0x00000006cab00000, 0x000000076ab00000)
  object space 175104K, 54% used [0x00000006c0000000,0x00000006c5c96630,0x00000006cab00000)
 Metaspace       used 8452K, capacity 8516K, committed 8704K, reserved 1056768K
  class space    used 911K, capacity 944K, committed 1024K, reserved 1048576K
}
Event: 10.260 GC heap before
{Heap before GC invocations=8 (full 0):
 PSYoungGen      total 299008K, used 299004K [0x000000076ab00000, 0x0000000793a00000, 0x00000007c0000000)
  eden space 245760K, 100% used [0x000000076ab00000,0x0000000779b00000,0x0000000779b00000)
  from space 53248K, 99% used [0x0000000779b00000,0x000000077ceff0f8,0x000000077cf00000)
  to   space 89600K, 0% used [0x000000078e280000,0x000000078e280000,0x0000000793a00000)
 ParOldGen       total 175104K, used 94809K [0x00000006c0000000, 0x00000006cab00000, 0x000000076ab00000)
  object space 175104K, 54% used [0x00000006c0000000,0x00000006c5c96630,0x00000006cab00000)
 Metaspace       used 10682K, capacity 10850K, committed 11136K, reserved 1058816K
  class space    used 1292K, capacity 1337K, committed 1408K, reserved 1048576K
Event: 10.351 GC heap after
Heap after GC invocations=8 (full 0):
 PSYoungGen      total 553472K, used 89588K [0x000000076ab00000, 0x0000000797000000, 0x00000007c0000000)
  eden space 463872K, 0% used [0x000000076ab00000,0x000000076ab00000,0x0000000787000000)
  from space 89600K, 99% used [0x000000078e280000,0x00000007939fd1e8,0x0000000793a00000)
  to   space 117248K, 0% used [0x0000000787000000,0x0000000787000000,0x000000078e280000)
 ParOldGen       total 175104K, used 115727K [0x00000006c0000000, 0x00000006cab00000, 0x000000076ab00000)
  object space 175104K, 66% used [0x00000006c0000000,0x00000006c7103e00,0x00000006cab00000)
 Metaspace       used 10682K, capacity 10850K, committed 11136K, reserved 1058816K
  class space    used 1292K, capacity 1337K, committed 1408K, reserved 1048576K
}
Event: 20.003 GC heap before
{Heap before GC invocations=9 (full 0):
 PSYoungGen      total 553472K, used 170920K [0x000000076ab00000, 0x0000000797000000, 0x00000007c0000000)
  eden space 463872K, 17% used [0x000000076ab00000,0x000000076fa6d160,0x0000000787000000)
  from space 89600K, 99% used [0x000000078e280000,0x00000007939fd1e8,0x0000000793a00000)
  to   space 117248K, 0% used [0x0000000787000000,0x0000000787000000,0x000000078e280000)
 ParOldGen       total 175104K, used 115727K [0x00000006c0000000, 0x00000006cab00000, 0x000000076ab00000)
  object space 175104K, 66% used [0x00000006c0000000,0x00000006c7103e00,0x00000006cab00000)
 Metaspace       used 20930K, capacity 21114K, committed 21296K, reserved 1067008K
  class space    used 2846K, capacity 2913K, committed 2944K, reserved 1048576K
Event: 20.052 GC heap after
Heap after GC invocations=9 (full 0):
 PSYoungGen      total 581120K, used 68955K [0x000000076ab00000, 0x00000007a6c00000, 0x00000007c0000000)
  eden space 463872K, 0% used [0x000000076ab00000,0x000000076ab00000,0x0000000787000000)
  from space 117248K, 58% used [0x0000000787000000,0x000000078b356d98,0x000000078e280000)
  to   space 120832K, 0% used [0x000000079f600000,0x000000079f600000,0x00000007a6c00000)
 ParOldGen       total 175104K, used 140029K [0x00000006c0000000, 0x00000006cab00000, 0x000000076ab00000)
  object space 175104K, 79% used [0x00000006c0000000,0x00000006c88bf458,0x00000006cab00000)
 Metaspace       used 20930K, capacity 21114K, committed 21296K, reserved 1067008K
  class space    used 2846K, capacity 2913K, committed 2944K, reserved 1048576K
}
Event: 20.052 GC heap before
{Heap before GC invocations=10 (full 1):
 PSYoungGen      total 581120K, used 68955K [0x000000076ab00000, 0x00000007a6c00000, 0x00000007c0000000)
  eden space 463872K, 0% used [0x000000076ab00000,0x000000076ab00000,0x0000000787000000)
  from space 117248K, 58% used [0x0000000787000000,0x000000078b356d98,0x000000078e280000)
  to   space 120832K, 0% used [0x000000079f600000,0x000000079f600000,0x00000007a6c00000)
 ParOldGen       total 175104K, used 140029K [0x00000006c0000000, 0x00000006cab00000, 0x000000076ab00000)
  object space 175104K, 79% used [0x00000006c0000000,0x00000006c88bf458,0x00000006cab00000)
 Metaspace       used 20930K, capacity 21114K, committed 21296K, reserved 1067008K
  class space    used 2846K, capacity 2913K, committed 2944K, reserved 1048576K
Event: 20.157 GC heap after
Heap after GC invocations=10 (full 1):
 PSYoungGen      total 581120K, used 0K [0x000000076ab00000, 0x00000007a6c00000, 0x00000007c0000000)
  eden space 463872K, 0% used [0x000000076ab00000,0x000000076ab00000,0x0000000787000000)
  from space 117248K, 0% used [0x0000000787000000,0x0000000787000000,0x000000078e280000)
  to   space 120832K, 0% used [0x000000079f600000,0x000000079f600000,0x00000007a6c00000)
 ParOldGen       total 252416K, used 136853K [0x00000006c0000000, 0x00000006cf680000, 0x000000076ab00000)
  object space 252416K, 54% used [0x00000006c0000000,0x00000006c85a54f8,0x00000006cf680000)
 Metaspace       used 20929K, capacity 21112K, committed 21296K, reserved 1067008K
  class space    used 2845K, capacity 2912K, committed 2944K, reserved 1048576K
}

